<?xml version="1.0" encoding="UTF-8"?>
<testng-results ignored="0" total="1" passed="1" failed="0" skipped="0">
  <reporter-output>
  </reporter-output>
  <suite started-at="2022-11-17T14:12:27 IST" name="Suite" finished-at="2022-11-17T14:12:29 IST" duration-ms="1836">
    <groups>
    </groups>
    <test started-at="2022-11-17T14:12:27 IST" name="Test" finished-at="2022-11-17T14:12:29 IST" duration-ms="1836">
      <class name="testcases.HomePageTest">
        <test-method is-config="true" signature="beforeTest()[pri:0, instance:testcases.HomePageTest@3349e9bb]" started-at="2022-11-17T14:12:27 IST" name="beforeTest" finished-at="2022-11-17T14:12:29 IST" duration-ms="1804" status="PASS">
          <reporter-output>
          </reporter-output>
        </test-method> <!-- beforeTest -->
        <test-method signature="test01_titleTest()[pri:0, instance:testcases.HomePageTest@3349e9bb]" started-at="2022-11-17T14:12:29 IST" name="test01_titleTest" finished-at="2022-11-17T14:12:29 IST" duration-ms="5" status="PASS">
          <reporter-output>
          </reporter-output>
        </test-method> <!-- test01_titleTest -->
      </class> <!-- testcases.HomePageTest -->
    </test> <!-- Test -->
  </suite> <!-- Suite -->
</testng-results>
