<?xml version="1.0" encoding="UTF-8"?>
<testng-results ignored="0" total="1" passed="1" failed="0" skipped="0">
  <reporter-output>
  </reporter-output>
  <suite started-at="2022-11-17T14:11:13 IST" name="Default suite" finished-at="2022-11-17T14:11:15 IST" duration-ms="2365">
    <groups>
    </groups>
    <test started-at="2022-11-17T14:11:13 IST" name="Default test" finished-at="2022-11-17T14:11:15 IST" duration-ms="2365">
      <class name="testcases.HomePageTest">
        <test-method is-config="true" signature="beforeTest()[pri:0, instance:testcases.HomePageTest@38afe297]" started-at="2022-11-17T14:11:13 IST" name="beforeTest" finished-at="2022-11-17T14:11:15 IST" duration-ms="2316" status="PASS">
          <reporter-output>
          </reporter-output>
        </test-method> <!-- beforeTest -->
        <test-method signature="test01_titleTest()[pri:0, instance:testcases.HomePageTest@38afe297]" started-at="2022-11-17T14:11:15 IST" name="test01_titleTest" finished-at="2022-11-17T14:11:15 IST" duration-ms="6" status="PASS">
          <reporter-output>
          </reporter-output>
        </test-method> <!-- test01_titleTest -->
      </class> <!-- testcases.HomePageTest -->
    </test> <!-- Default test -->
  </suite> <!-- Default suite -->
</testng-results>
